<?xml version="1.0" encoding="UTF-8"?>
<testng-results ignored="0" total="1" passed="1" failed="0" skipped="0">
  <reporter-output>
  </reporter-output>
  <suite started-at="2024-03-04T17:11:12 EET" name="Default suite" finished-at="2024-03-04T17:11:20 EET" duration-ms="8376">
    <groups>
    </groups>
    <test started-at="2024-03-04T17:11:12 EET" name="Default test" finished-at="2024-03-04T17:11:20 EET" duration-ms="8376">
      <class name="tests.loginTest">
        <test-method is-config="true" signature="startdriver()[pri:0, instance:tests.loginTest@53ce1329]" started-at="2024-03-04T17:10:56 EET" name="startdriver" finished-at="2024-03-04T17:11:12 EET" duration-ms="15454" status="PASS">
          <reporter-output>
          </reporter-output>
        </test-method> <!-- startdriver -->
        <test-method signature="login()[pri:0, instance:tests.loginTest@53ce1329]" started-at="2024-03-04T17:11:12 EET" name="login" finished-at="2024-03-04T17:11:20 EET" duration-ms="8193" status="PASS">
          <reporter-output>
          </reporter-output>
        </test-method> <!-- login -->
        <test-method is-config="true" signature="closebrowser()[pri:0, instance:tests.loginTest@53ce1329]" started-at="2024-03-04T17:11:20 EET" name="closebrowser" finished-at="2024-03-04T17:11:21 EET" duration-ms="434" status="PASS">
          <reporter-output>
          </reporter-output>
        </test-method> <!-- closebrowser -->
      </class> <!-- tests.loginTest -->
    </test> <!-- Default test -->
  </suite> <!-- Default suite -->
</testng-results>
